<?xml version="1.0" encoding="UTF-8"?>
<!-- Generated by org.testng.reporters.JUnitXMLReporter -->
<testsuite hostname="Home" name="Default test" tests="4" failures="0" timestamp="4 Aug 2020 18:56:48 GMT" time="33.489" errors="0">
  <testcase name="verifyLoginpage" time="0.016" classname="com.acti.testcase.TestLoginPage"/>
  <testcase name="actilogo" time="0.084" classname="com.acti.testcase.TestLoginPage"/>
  <testcase name="validateLoginFun" time="3.756" classname="com.acti.testcase.TestLoginPage"/>
  <testcase name="checkbox" time="0.037" classname="com.acti.testcase.TestLoginPage"/>
</testsuite> <!-- Default test -->
