<?xml version="1.0" encoding="UTF-8"?>
<!-- Generated by org.testng.reporters.JUnitXMLReporter -->
<testsuite hostname="Home" name="Test" tests="4" failures="0" timestamp="5 Aug 2020 20:24:02 GMT" time="43.913" errors="0">
  <testcase name="verifyLoginpage" time="0.032" classname="com.acti.testcase.TestLoginPage"/>
  <testcase name="actilogo" time="0.091" classname="com.acti.testcase.TestLoginPage"/>
  <testcase name="validateLoginFun" time="3.09" classname="com.acti.testcase.TestLoginPage"/>
  <testcase name="checkbox" time="0.037" classname="com.acti.testcase.TestLoginPage"/>
</testsuite> <!-- Test -->
