<?xml version="1.0" encoding="UTF-8"?>
<testng-results skipped="0" failed="0" total="1" passed="1">
  <reporter-output>
  </reporter-output>
  <suite name="Default suite" duration-ms="19553" started-at="2020-08-05T17:53:00Z" finished-at="2020-08-05T17:53:20Z">
    <groups>
    </groups>
    <test name="Default test" duration-ms="19553" started-at="2020-08-05T17:53:00Z" finished-at="2020-08-05T17:53:20Z">
      <class name="com.acti.testcase.TestCreateCustomer">
        <test-method status="PASS" signature="beforeTest()[pri:0, instance:com.acti.testcase.TestCreateCustomer@1134affc]" name="beforeTest" is-config="true" duration-ms="7761" started-at="2020-08-05T13:53:00Z" finished-at="2020-08-05T13:53:08Z">
          <reporter-output>
          </reporter-output>
        </test-method> <!-- beforeTest -->
        <test-method status="PASS" signature="TestCreateCustomer()[pri:0, instance:com.acti.testcase.TestCreateCustomer@1134affc]" name="TestCreateCustomer" duration-ms="11369" started-at="2020-08-05T13:53:08Z" finished-at="2020-08-05T13:53:20Z">
          <reporter-output>
          </reporter-output>
        </test-method> <!-- TestCreateCustomer -->
        <test-method status="PASS" signature="tearDown()[pri:0, instance:com.acti.testcase.TestCreateCustomer@1134affc]" name="tearDown" is-config="true" duration-ms="390" started-at="2020-08-05T13:53:20Z" finished-at="2020-08-05T13:53:20Z">
          <reporter-output>
          </reporter-output>
        </test-method> <!-- tearDown -->
      </class> <!-- com.acti.testcase.TestCreateCustomer -->
    </test> <!-- Default test -->
  </suite> <!-- Default suite -->
</testng-results>
