<?xml version="1.0" encoding="UTF-8"?>
<testng-results skipped="0" failed="0" total="4" passed="4">
  <reporter-output>
  </reporter-output>
  <suite name="Suite" duration-ms="43913" started-at="2020-08-05T20:23:18Z" finished-at="2020-08-05T20:24:02Z">
    <groups>
    </groups>
    <test name="Test" duration-ms="43913" started-at="2020-08-05T20:23:18Z" finished-at="2020-08-05T20:24:02Z">
      <class name="com.acti.testcase.TestLoginPage">
        <test-method status="PASS" signature="reportconfig()[pri:0, instance:com.acti.testcase.TestLoginPage@d041cf]" name="reportconfig" is-config="true" duration-ms="450" started-at="2020-08-05T16:23:18Z" finished-at="2020-08-05T16:23:19Z">
          <reporter-output>
          </reporter-output>
        </test-method> <!-- reportconfig -->
        <test-method status="PASS" signature="beforeTest()[pri:0, instance:com.acti.testcase.TestLoginPage@d041cf]" name="beforeTest" is-config="true" duration-ms="14032" started-at="2020-08-05T16:23:19Z" finished-at="2020-08-05T16:23:33Z">
          <reporter-output>
          </reporter-output>
        </test-method> <!-- beforeTest -->
        <test-method status="PASS" signature="verifyLoginpage()[pri:0, instance:com.acti.testcase.TestLoginPage@d041cf]" name="verifyLoginpage" duration-ms="32" started-at="2020-08-05T16:23:33Z" finished-at="2020-08-05T16:23:33Z">
          <reporter-output>
          </reporter-output>
        </test-method> <!-- verifyLoginpage -->
        <test-method status="PASS" signature="tearDown()[pri:0, instance:com.acti.testcase.TestLoginPage@d041cf]" name="tearDown" is-config="true" duration-ms="220" started-at="2020-08-05T16:23:33Z" finished-at="2020-08-05T16:23:33Z">
          <reporter-output>
          </reporter-output>
        </test-method> <!-- tearDown -->
        <test-method status="PASS" signature="beforeTest()[pri:0, instance:com.acti.testcase.TestLoginPage@d041cf]" name="beforeTest" is-config="true" duration-ms="12854" started-at="2020-08-05T16:23:33Z" finished-at="2020-08-05T16:23:46Z">
          <reporter-output>
          </reporter-output>
        </test-method> <!-- beforeTest -->
        <test-method status="PASS" signature="actilogo()[pri:1, instance:com.acti.testcase.TestLoginPage@d041cf]" name="actilogo" duration-ms="91" started-at="2020-08-05T16:23:46Z" finished-at="2020-08-05T16:23:46Z">
          <reporter-output>
          </reporter-output>
        </test-method> <!-- actilogo -->
        <test-method status="PASS" signature="tearDown()[pri:0, instance:com.acti.testcase.TestLoginPage@d041cf]" name="tearDown" is-config="true" duration-ms="237" started-at="2020-08-05T16:23:46Z" finished-at="2020-08-05T16:23:46Z">
          <reporter-output>
          </reporter-output>
        </test-method> <!-- tearDown -->
        <test-method status="PASS" signature="beforeTest()[pri:0, instance:com.acti.testcase.TestLoginPage@d041cf]" name="beforeTest" is-config="true" duration-ms="6406" started-at="2020-08-05T16:23:46Z" finished-at="2020-08-05T16:23:53Z">
          <reporter-output>
          </reporter-output>
        </test-method> <!-- beforeTest -->
        <test-method status="PASS" signature="validateLoginFun()[pri:2, instance:com.acti.testcase.TestLoginPage@d041cf]" name="validateLoginFun" duration-ms="3090" started-at="2020-08-05T16:23:53Z" finished-at="2020-08-05T16:23:56Z">
          <reporter-output>
          </reporter-output>
        </test-method> <!-- validateLoginFun -->
        <test-method status="PASS" signature="tearDown()[pri:0, instance:com.acti.testcase.TestLoginPage@d041cf]" name="tearDown" is-config="true" duration-ms="325" started-at="2020-08-05T16:23:56Z" finished-at="2020-08-05T16:23:56Z">
          <reporter-output>
          </reporter-output>
        </test-method> <!-- tearDown -->
        <test-method status="PASS" signature="beforeTest()[pri:0, instance:com.acti.testcase.TestLoginPage@d041cf]" name="beforeTest" is-config="true" duration-ms="5985" started-at="2020-08-05T16:23:56Z" finished-at="2020-08-05T16:24:02Z">
          <reporter-output>
          </reporter-output>
        </test-method> <!-- beforeTest -->
        <test-method status="PASS" signature="checkbox()[pri:3, instance:com.acti.testcase.TestLoginPage@d041cf]" name="checkbox" duration-ms="37" started-at="2020-08-05T16:24:02Z" finished-at="2020-08-05T16:24:02Z">
          <reporter-output>
          </reporter-output>
        </test-method> <!-- checkbox -->
        <test-method status="PASS" signature="tearDown()[pri:0, instance:com.acti.testcase.TestLoginPage@d041cf]" name="tearDown" is-config="true" duration-ms="126" started-at="2020-08-05T16:24:02Z" finished-at="2020-08-05T16:24:02Z">
          <reporter-output>
          </reporter-output>
        </test-method> <!-- tearDown -->
      </class> <!-- com.acti.testcase.TestLoginPage -->
    </test> <!-- Test -->
  </suite> <!-- Suite -->
</testng-results>
