<?xml version="1.0" encoding="UTF-8"?>
<testng-results skipped="0" failed="0" total="1" passed="1">
  <reporter-output>
  </reporter-output>
  <suite name="Default suite" duration-ms="7692" started-at="2020-07-29T20:00:44Z" finished-at="2020-07-29T20:00:52Z">
    <groups>
    </groups>
    <test name="Default test" duration-ms="7692" started-at="2020-07-29T20:00:44Z" finished-at="2020-07-29T20:00:52Z">
      <class name="com.acti.base.DriverScript">
        <test-method status="PASS" signature="initBrowser()[pri:0, instance:com.acti.base.DriverScript@6debcae2]" name="initBrowser" duration-ms="7664" started-at="2020-07-29T16:00:44Z" finished-at="2020-07-29T16:00:52Z">
          <reporter-output>
          </reporter-output>
        </test-method> <!-- initBrowser -->
      </class> <!-- com.acti.base.DriverScript -->
    </test> <!-- Default test -->
  </suite> <!-- Default suite -->
</testng-results>
