<?xml version="1.0" encoding="UTF-8"?>
<testng-results skipped="0" failed="0" total="4" passed="4">
  <reporter-output>
  </reporter-output>
  <suite name="Default suite" duration-ms="33489" started-at="2020-08-04T18:56:14Z" finished-at="2020-08-04T18:56:48Z">
    <groups>
    </groups>
    <test name="Default test" duration-ms="33489" started-at="2020-08-04T18:56:14Z" finished-at="2020-08-04T18:56:48Z">
      <class name="com.acti.testcase.TestLoginPage">
        <test-method status="PASS" signature="beforeTest()[pri:0, instance:com.acti.testcase.TestLoginPage@56cbfb61]" name="beforeTest" is-config="true" duration-ms="7312" started-at="2020-08-04T14:56:14Z" finished-at="2020-08-04T14:56:22Z">
          <reporter-output>
          </reporter-output>
        </test-method> <!-- beforeTest -->
        <test-method status="PASS" signature="verifyLoginpage()[pri:0, instance:com.acti.testcase.TestLoginPage@56cbfb61]" name="verifyLoginpage" duration-ms="16" started-at="2020-08-04T14:56:22Z" finished-at="2020-08-04T14:56:22Z">
          <reporter-output>
          </reporter-output>
        </test-method> <!-- verifyLoginpage -->
        <test-method status="PASS" signature="tearDown()[pri:0, instance:com.acti.testcase.TestLoginPage@56cbfb61]" name="tearDown" is-config="true" duration-ms="87" started-at="2020-08-04T14:56:22Z" finished-at="2020-08-04T14:56:22Z">
          <reporter-output>
          </reporter-output>
        </test-method> <!-- tearDown -->
        <test-method status="PASS" signature="beforeTest()[pri:0, instance:com.acti.testcase.TestLoginPage@56cbfb61]" name="beforeTest" is-config="true" duration-ms="6397" started-at="2020-08-04T14:56:22Z" finished-at="2020-08-04T14:56:28Z">
          <reporter-output>
          </reporter-output>
        </test-method> <!-- beforeTest -->
        <test-method status="PASS" signature="actilogo()[pri:1, instance:com.acti.testcase.TestLoginPage@56cbfb61]" name="actilogo" duration-ms="84" started-at="2020-08-04T14:56:28Z" finished-at="2020-08-04T14:56:28Z">
          <reporter-output>
          </reporter-output>
        </test-method> <!-- actilogo -->
        <test-method status="PASS" signature="tearDown()[pri:0, instance:com.acti.testcase.TestLoginPage@56cbfb61]" name="tearDown" is-config="true" duration-ms="121" started-at="2020-08-04T14:56:28Z" finished-at="2020-08-04T14:56:28Z">
          <reporter-output>
          </reporter-output>
        </test-method> <!-- tearDown -->
        <test-method status="PASS" signature="beforeTest()[pri:0, instance:com.acti.testcase.TestLoginPage@56cbfb61]" name="beforeTest" is-config="true" duration-ms="6226" started-at="2020-08-04T14:56:28Z" finished-at="2020-08-04T14:56:34Z">
          <reporter-output>
          </reporter-output>
        </test-method> <!-- beforeTest -->
        <test-method status="PASS" signature="validateLoginFun()[pri:2, instance:com.acti.testcase.TestLoginPage@56cbfb61]" name="validateLoginFun" duration-ms="3756" started-at="2020-08-04T14:56:34Z" finished-at="2020-08-04T14:56:38Z">
          <reporter-output>
          </reporter-output>
        </test-method> <!-- validateLoginFun -->
        <test-method status="PASS" signature="tearDown()[pri:0, instance:com.acti.testcase.TestLoginPage@56cbfb61]" name="tearDown" is-config="true" duration-ms="2382" started-at="2020-08-04T14:56:38Z" finished-at="2020-08-04T14:56:41Z">
          <reporter-output>
          </reporter-output>
        </test-method> <!-- tearDown -->
        <test-method status="PASS" signature="beforeTest()[pri:0, instance:com.acti.testcase.TestLoginPage@56cbfb61]" name="beforeTest" is-config="true" duration-ms="6873" started-at="2020-08-04T14:56:41Z" finished-at="2020-08-04T14:56:48Z">
          <reporter-output>
          </reporter-output>
        </test-method> <!-- beforeTest -->
        <test-method status="PASS" signature="checkbox()[pri:3, instance:com.acti.testcase.TestLoginPage@56cbfb61]" name="checkbox" duration-ms="37" started-at="2020-08-04T14:56:48Z" finished-at="2020-08-04T14:56:48Z">
          <reporter-output>
          </reporter-output>
        </test-method> <!-- checkbox -->
        <test-method status="PASS" signature="tearDown()[pri:0, instance:com.acti.testcase.TestLoginPage@56cbfb61]" name="tearDown" is-config="true" duration-ms="156" started-at="2020-08-04T14:56:48Z" finished-at="2020-08-04T14:56:48Z">
          <reporter-output>
          </reporter-output>
        </test-method> <!-- tearDown -->
      </class> <!-- com.acti.testcase.TestLoginPage -->
    </test> <!-- Default test -->
  </suite> <!-- Default suite -->
</testng-results>
